# JRE version: Java(TM) SE Runtime Environment (8.0_60-b27) (build 1.8.0_60-b27)
# Java VM: Java HotSpot(TM) 64-Bit Server VM (25.60-b23 mixed mode windows-amd64 compressed oops)
Heap:
 PSYoungGen      total 347136K, used 317300K [0x00000000d5580000, 0x00000000ee600000, 0x0000000100000000)
  eden space 287744K, 99% used [0x00000000d5580000,0x00000000e6c30110,0x00000000e6e80000)
  from space 59392K, 53% used [0x00000000ea980000,0x00000000ec8ad118,0x00000000ee380000)
  to   space 60416K, 0% used [0x00000000e6e80000,0x00000000e6e80000,0x00000000ea980000)
 ParOldGen       total 1051136K, used 695068K [0x0000000080000000, 0x00000000c0280000, 0x00000000d5580000)
  object space 1051136K, 66% used [0x0000000080000000,0x00000000aa6c7120,0x00000000c0280000)
 Metaspace       used 154151K, capacity 155178K, committed 155776K, reserved 1179648K
  class space    used 24336K, capacity 24636K, committed 24704K, reserved 1048576K
GC Heap History (10 events):
Event: 937.259 GC heap before
{Heap before GC invocations=130 (full 6):
 PSYoungGen      total 326656K, used 311092K [0x00000000d5580000, 0x00000000ecd00000, 0x0000000100000000)
  eden space 281088K, 100% used [0x00000000d5580000,0x00000000e6800000,0x00000000e6800000)
  from space 45568K, 65% used [0x00000000e6800000,0x00000000e854d050,0x00000000e9480000)
  to   space 49664K, 0% used [0x00000000e9c80000,0x00000000e9c80000,0x00000000ecd00000)
 ParOldGen       total 1051136K, used 694868K [0x0000000080000000, 0x00000000c0280000, 0x00000000d5580000)
  object space 1051136K, 66% used [0x0000000080000000,0x00000000aa695120,0x00000000c0280000)
 Metaspace       used 153675K, capacity 154714K, committed 155520K, reserved 1179648K
  class space    used 24307K, capacity 24612K, committed 24704K, reserved 1048576K
Event: 937.272 GC heap after
Heap after GC invocations=130 (full 6):
 PSYoungGen      total 331776K, used 31427K [0x00000000d5580000, 0x00000000ed300000, 0x0000000100000000)
  eden space 282112K, 0% used [0x00000000d5580000,0x00000000d5580000,0x00000000e6900000)
  from space 49664K, 63% used [0x00000000e9c80000,0x00000000ebb30ee8,0x00000000ecd00000)
  to   space 52736K, 0% used [0x00000000e6900000,0x00000000e6900000,0x00000000e9c80000)
 ParOldGen       total 1051136K, used 694876K [0x0000000080000000, 0x00000000c0280000, 0x00000000d5580000)
  object space 1051136K, 66% used [0x0000000080000000,0x00000000aa697120,0x00000000c0280000)
 Metaspace       used 153675K, capacity 154714K, committed 155520K, reserved 1179648K
  class space    used 24307K, capacity 24612K, committed 24704K, reserved 1048576K
}
Event: 948.776 GC heap before
{Heap before GC invocations=131 (full 6):
 PSYoungGen      total 331776K, used 313539K [0x00000000d5580000, 0x00000000ed300000, 0x0000000100000000)
  eden space 282112K, 100% used [0x00000000d5580000,0x00000000e6900000,0x00000000e6900000)
  from space 49664K, 63% used [0x00000000e9c80000,0x00000000ebb30ee8,0x00000000ecd00000)
  to   space 52736K, 0% used [0x00000000e6900000,0x00000000e6900000,0x00000000e9c80000)
 ParOldGen       total 1051136K, used 694876K [0x0000000080000000, 0x00000000c0280000, 0x00000000d5580000)
  object space 1051136K, 66% used [0x0000000080000000,0x00000000aa697120,0x00000000c0280000)
 Metaspace       used 153771K, capacity 154808K, committed 155520K, reserved 1179648K
  class space    used 24313K, capacity 24617K, committed 24704K, reserved 1048576K
Event: 948.817 GC heap after
Heap after GC invocations=131 (full 6):
 PSYoungGen      total 334848K, used 31843K [0x00000000d5580000, 0x00000000eda80000, 0x0000000100000000)
  eden space 282112K, 0% used [0x00000000d5580000,0x00000000d5580000,0x00000000e6900000)
  from space 52736K, 60% used [0x00000000e6900000,0x00000000e8818ee8,0x00000000e9c80000)
  to   space 55808K, 0% used [0x00000000ea400000,0x00000000ea400000,0x00000000eda80000)
 ParOldGen       total 1051136K, used 694916K [0x0000000080000000, 0x00000000c0280000, 0x00000000d5580000)
  object space 1051136K, 66% used [0x0000000080000000,0x00000000aa6a1120,0x00000000c0280000)
 Metaspace       used 153771K, capacity 154808K, committed 155520K, reserved 1179648K
  class space    used 24313K, capacity 24617K, committed 24704K, reserved 1048576K
}
Event: 959.874 GC heap before
{Heap before GC invocations=132 (full 6):
 PSYoungGen      total 334848K, used 313955K [0x00000000d5580000, 0x00000000eda80000, 0x0000000100000000)
  eden space 282112K, 100% used [0x00000000d5580000,0x00000000e6900000,0x00000000e6900000)
  from space 52736K, 60% used [0x00000000e6900000,0x00000000e8818ee8,0x00000000e9c80000)
  to   space 55808K, 0% used [0x00000000ea400000,0x00000000ea400000,0x00000000eda80000)
 ParOldGen       total 1051136K, used 694916K [0x0000000080000000, 0x00000000c0280000, 0x00000000d5580000)
  object space 1051136K, 66% used [0x0000000080000000,0x00000000aa6a1120,0x00000000c0280000)
 Metaspace       used 153901K, capacity 154978K, committed 155776K, reserved 1179648K
  class space    used 24323K, capacity 24624K, committed 24704K, reserved 1048576K
Event: 959.895 GC heap after
Heap after GC invocations=132 (full 6):
 PSYoungGen      total 340480K, used 32468K [0x00000000d5580000, 0x00000000ede80000, 0x0000000100000000)
  eden space 284672K, 0% used [0x00000000d5580000,0x00000000d5580000,0x00000000e6b80000)
  from space 55808K, 58% used [0x00000000ea400000,0x00000000ec3b5118,0x00000000eda80000)
  to   space 57856K, 0% used [0x00000000e6b80000,0x00000000e6b80000,0x00000000ea400000)
 ParOldGen       total 1051136K, used 694972K [0x0000000080000000, 0x00000000c0280000, 0x00000000d5580000)
  object space 1051136K, 66% used [0x0000000080000000,0x00000000aa6af120,0x00000000c0280000)
 Metaspace       used 153901K, capacity 154978K, committed 155776K, reserved 1179648K
  class space    used 24323K, capacity 24624K, committed 24704K, reserved 1048576K
}
Event: 971.620 GC heap before
{Heap before GC invocations=133 (full 6):
 PSYoungGen      total 340480K, used 317140K [0x00000000d5580000, 0x00000000ede80000, 0x0000000100000000)
  eden space 284672K, 100% used [0x00000000d5580000,0x00000000e6b80000,0x00000000e6b80000)
  from space 55808K, 58% used [0x00000000ea400000,0x00000000ec3b5118,0x00000000eda80000)
  to   space 57856K, 0% used [0x00000000e6b80000,0x00000000e6b80000,0x00000000ea400000)
 ParOldGen       total 1051136K, used 694972K [0x0000000080000000, 0x00000000c0280000, 0x00000000d5580000)
  object space 1051136K, 66% used [0x0000000080000000,0x00000000aa6af120,0x00000000c0280000)
 Metaspace       used 153975K, capacity 154996K, committed 155776K, reserved 1179648K
  class space    used 24325K, capacity 24627K, committed 24704K, reserved 1048576K
Event: 971.645 GC heap after
Heap after GC invocations=133 (full 6):
 PSYoungGen      total 342528K, used 32547K [0x00000000d5580000, 0x00000000ee380000, 0x0000000100000000)
  eden space 284672K, 0% used [0x00000000d5580000,0x00000000d5580000,0x00000000e6b80000)
  from space 57856K, 56% used [0x00000000e6b80000,0x00000000e8b48ee8,0x00000000ea400000)
  to   space 59392K, 0% used [0x00000000ea980000,0x00000000ea980000,0x00000000ee380000)
 ParOldGen       total 1051136K, used 695012K [0x0000000080000000, 0x00000000c0280000, 0x00000000d5580000)
  object space 1051136K, 66% used [0x0000000080000000,0x00000000aa6b9120,0x00000000c0280000)
 Metaspace       used 153975K, capacity 154996K, committed 155776K, reserved 1179648K
  class space    used 24325K, capacity 24627K, committed 24704K, reserved 1048576K
}
Event: 981.146 GC heap before
{Heap before GC invocations=134 (full 6):
 PSYoungGen      total 342528K, used 317219K [0x00000000d5580000, 0x00000000ee380000, 0x0000000100000000)
  eden space 284672K, 100% used [0x00000000d5580000,0x00000000e6b80000,0x00000000e6b80000)
  from space 57856K, 56% used [0x00000000e6b80000,0x00000000e8b48ee8,0x00000000ea400000)
  to   space 59392K, 0% used [0x00000000ea980000,0x00000000ea980000,0x00000000ee380000)
 ParOldGen       total 1051136K, used 695012K [0x0000000080000000, 0x00000000c0280000, 0x00000000d5580000)
  object space 1051136K, 66% used [0x0000000080000000,0x00000000aa6b9120,0x00000000c0280000)
 Metaspace       used 154061K, capacity 155090K, committed 155776K, reserved 1179648K
  class space    used 24333K, capacity 24632K, committed 24704K, reserved 1048576K
Event: 981.171 GC heap after
Heap after GC invocations=134 (full 6):
 PSYoungGen      total 347136K, used 31924K [0x00000000d5580000, 0x00000000ee600000, 0x0000000100000000)
  eden space 287744K, 0% used [0x00000000d5580000,0x00000000d5580000,0x00000000e6e80000)
  from space 59392K, 53% used [0x00000000ea980000,0x00000000ec8ad118,0x00000000ee380000)
  to   space 60416K, 0% used [0x00000000e6e80000,0x00000000e6e80000,0x00000000ea980000)
 ParOldGen       total 1051136K, used 695068K [0x0000000080000000, 0x00000000c0280000, 0x00000000d5580000)
  object space 1051136K, 66% used [0x0000000080000000,0x00000000aa6c7120,0x00000000c0280000)
 Metaspace       used 154061K, capacity 155090K, committed 155776K, reserved 1179648K
  class space    used 24333K, capacity 24632K, committed 24704K, reserved 1048576K
}

